Started GET "/" for 127.0.0.1 at 2018-05-06 21:41:02 +0200
  
ActiveRecord::PendingMigrationError (

Migrations are pending. To resolve this issue, run:

        bin/rails db:migrate RAILS_ENV=development

):
  
activerecord (5.2.0) lib/active_record/migration.rb:579:in `check_pending!'
activerecord (5.2.0) lib/active_record/migration.rb:556:in `call'
actionpack (5.2.0) lib/action_dispatch/middleware/callbacks.rb:28:in `block in call'
activesupport (5.2.0) lib/active_support/callbacks.rb:98:in `run_callbacks'
actionpack (5.2.0) lib/action_dispatch/middleware/callbacks.rb:26:in `call'
actionpack (5.2.0) lib/action_dispatch/middleware/executor.rb:14:in `call'
actionpack (5.2.0) lib/action_dispatch/middleware/debug_exceptions.rb:61:in `call'
web-console (3.6.2) lib/web_console/middleware.rb:135:in `call_app'
web-console (3.6.2) lib/web_console/middleware.rb:30:in `block in call'
web-console (3.6.2) lib/web_console/middleware.rb:20:in `catch'
web-console (3.6.2) lib/web_console/middleware.rb:20:in `call'
actionpack (5.2.0) lib/action_dispatch/middleware/show_exceptions.rb:33:in `call'
railties (5.2.0) lib/rails/rack/logger.rb:38:in `call_app'
railties (5.2.0) lib/rails/rack/logger.rb:26:in `block in call'
activesupport (5.2.0) lib/active_support/tagged_logging.rb:71:in `block in tagged'
activesupport (5.2.0) lib/active_support/tagged_logging.rb:28:in `tagged'
activesupport (5.2.0) lib/active_support/tagged_logging.rb:71:in `tagged'
railties (5.2.0) lib/rails/rack/logger.rb:26:in `call'
sprockets-rails (3.2.1) lib/sprockets/rails/quiet_assets.rb:13:in `call'
actionpack (5.2.0) lib/action_dispatch/middleware/remote_ip.rb:81:in `call'
actionpack (5.2.0) lib/action_dispatch/middleware/request_id.rb:27:in `call'
rack (2.0.5) lib/rack/method_override.rb:22:in `call'
rack (2.0.5) lib/rack/runtime.rb:22:in `call'
activesupport (5.2.0) lib/active_support/cache/strategy/local_cache_middleware.rb:29:in `call'
actionpack (5.2.0) lib/action_dispatch/middleware/executor.rb:14:in `call'
actionpack (5.2.0) lib/action_dispatch/middleware/static.rb:127:in `call'
rack (2.0.5) lib/rack/sendfile.rb:111:in `call'
railties (5.2.0) lib/rails/engine.rb:524:in `call'
puma (3.11.4) lib/puma/configuration.rb:225:in `call'
puma (3.11.4) lib/puma/server.rb:632:in `handle_request'
puma (3.11.4) lib/puma/server.rb:446:in `process_client'
puma (3.11.4) lib/puma/server.rb:306:in `block in run'
puma (3.11.4) lib/puma/thread_pool.rb:120:in `block in spawn_thread'
Started GET "/" for 127.0.0.1 at 2018-05-06 21:41:05 +0200
  
ActiveRecord::PendingMigrationError (

Migrations are pending. To resolve this issue, run:

        bin/rails db:migrate RAILS_ENV=development

):
  
activerecord (5.2.0) lib/active_record/migration.rb:579:in `check_pending!'
activerecord (5.2.0) lib/active_record/migration.rb:556:in `call'
actionpack (5.2.0) lib/action_dispatch/middleware/callbacks.rb:28:in `block in call'
activesupport (5.2.0) lib/active_support/callbacks.rb:98:in `run_callbacks'
actionpack (5.2.0) lib/action_dispatch/middleware/callbacks.rb:26:in `call'
actionpack (5.2.0) lib/action_dispatch/middleware/executor.rb:14:in `call'
actionpack (5.2.0) lib/action_dispatch/middleware/debug_exceptions.rb:61:in `call'
web-console (3.6.2) lib/web_console/middleware.rb:135:in `call_app'
web-console (3.6.2) lib/web_console/middleware.rb:30:in `block in call'
web-console (3.6.2) lib/web_console/middleware.rb:20:in `catch'
web-console (3.6.2) lib/web_console/middleware.rb:20:in `call'
actionpack (5.2.0) lib/action_dispatch/middleware/show_exceptions.rb:33:in `call'
railties (5.2.0) lib/rails/rack/logger.rb:38:in `call_app'
railties (5.2.0) lib/rails/rack/logger.rb:26:in `block in call'
activesupport (5.2.0) lib/active_support/tagged_logging.rb:71:in `block in tagged'
activesupport (5.2.0) lib/active_support/tagged_logging.rb:28:in `tagged'
activesupport (5.2.0) lib/active_support/tagged_logging.rb:71:in `tagged'
railties (5.2.0) lib/rails/rack/logger.rb:26:in `call'
sprockets-rails (3.2.1) lib/sprockets/rails/quiet_assets.rb:13:in `call'
actionpack (5.2.0) lib/action_dispatch/middleware/remote_ip.rb:81:in `call'
actionpack (5.2.0) lib/action_dispatch/middleware/request_id.rb:27:in `call'
rack (2.0.5) lib/rack/method_override.rb:22:in `call'
rack (2.0.5) lib/rack/runtime.rb:22:in `call'
activesupport (5.2.0) lib/active_support/cache/strategy/local_cache_middleware.rb:29:in `call'
actionpack (5.2.0) lib/action_dispatch/middleware/executor.rb:14:in `call'
actionpack (5.2.0) lib/action_dispatch/middleware/static.rb:127:in `call'
rack (2.0.5) lib/rack/sendfile.rb:111:in `call'
railties (5.2.0) lib/rails/engine.rb:524:in `call'
puma (3.11.4) lib/puma/configuration.rb:225:in `call'
puma (3.11.4) lib/puma/server.rb:632:in `handle_request'
puma (3.11.4) lib/puma/server.rb:446:in `process_client'
puma (3.11.4) lib/puma/server.rb:306:in `block in run'
puma (3.11.4) lib/puma/thread_pool.rb:120:in `block in spawn_thread'
  [1m[35m (16.7ms)[0m  [1m[34mSELECT sqlite_version(*)[0m
  ↳ C:/Ruby24-x64/bin/rake:23
  [1m[35m (126.2ms)[0m  [1m[35mCREATE TABLE "schema_migrations" ("version" varchar NOT NULL PRIMARY KEY)[0m
  ↳ C:/Ruby24-x64/bin/rake:23
  [1m[35m (88.7ms)[0m  [1m[35mCREATE TABLE "ar_internal_metadata" ("key" varchar NOT NULL PRIMARY KEY, "value" varchar, "created_at" datetime NOT NULL, "updated_at" datetime NOT NULL)[0m
  ↳ C:/Ruby24-x64/bin/rake:23
  [1m[35m (0.0ms)[0m  [1m[34mSELECT "schema_migrations"."version" FROM "schema_migrations" ORDER BY "schema_migrations"."version" ASC[0m
  ↳ C:/Ruby24-x64/bin/rake:23
Migrating to CreateUsers (20180506185846)
  [1m[35m (0.0ms)[0m  [1m[36mbegin transaction[0m
  ↳ C:/Ruby24-x64/bin/rake:23
  [1m[35m (2.5ms)[0m  [1m[35mCREATE TABLE "users" ("id" integer PRIMARY KEY AUTOINCREMENT NOT NULL, "name" varchar, "password" varchar, "created_at" datetime NOT NULL, "updated_at" datetime NOT NULL)[0m
  ↳ db/migrate/20180506185846_create_users.rb:3
  [1m[36mActiveRecord::SchemaMigration Create (0.0ms)[0m  [1m[32mINSERT INTO "schema_migrations" ("version") VALUES (?)[0m  [["version", "20180506185846"]]
  ↳ C:/Ruby24-x64/bin/rake:23
  [1m[35m (68.9ms)[0m  [1m[36mcommit transaction[0m
  ↳ C:/Ruby24-x64/bin/rake:23
Migrating to CreateNotes (20180506190514)
  [1m[35m (0.5ms)[0m  [1m[36mbegin transaction[0m
  ↳ C:/Ruby24-x64/bin/rake:23
  [1m[35m (1.6ms)[0m  [1m[35mCREATE TABLE "notes" ("id" integer PRIMARY KEY AUTOINCREMENT NOT NULL, "created_at" datetime NOT NULL, "updated_at" datetime NOT NULL)[0m
  ↳ db/migrate/20180506190514_create_notes.rb:3
  [1m[36mActiveRecord::SchemaMigration Create (0.0ms)[0m  [1m[32mINSERT INTO "schema_migrations" ("version") VALUES (?)[0m  [["version", "20180506190514"]]
  ↳ C:/Ruby24-x64/bin/rake:23
  [1m[35m (85.6ms)[0m  [1m[36mcommit transaction[0m
  ↳ C:/Ruby24-x64/bin/rake:23
Migrating to CreateCollections (20180506223435)
  [1m[35m (0.0ms)[0m  [1m[36mbegin transaction[0m
  ↳ C:/Ruby24-x64/bin/rake:23
  [1m[35m (0.0ms)[0m  [1m[31mrollback transaction[0m
  ↳ C:/Ruby24-x64/bin/rake:23
  [1m[35m (0.5ms)[0m  [1m[34mSELECT "schema_migrations"."version" FROM "schema_migrations" ORDER BY "schema_migrations"."version" ASC[0m
  ↳ C:/Ruby24-x64/bin/rake:23
Migrating to CreateCollections (20180506223435)
  [1m[35m (0.0ms)[0m  [1m[36mbegin transaction[0m
  ↳ C:/Ruby24-x64/bin/rake:23
  [1m[35m (0.5ms)[0m  [1m[34mSELECT sqlite_version(*)[0m
  ↳ db/migrate/20180506223435_create_collections.rb:3
  [1m[35m (1.5ms)[0m  [1m[35mCREATE TABLE "collections" ("id" integer PRIMARY KEY AUTOINCREMENT NOT NULL, "title" varchar, "note_id" integer, "user_id" integer, "created_at" datetime NOT NULL, "updated_at" datetime NOT NULL)[0m
  ↳ db/migrate/20180506223435_create_collections.rb:3
  [1m[35m (0.0ms)[0m  [1m[35mCREATE  INDEX "index_collections_on_note_id" ON "collections" ("note_id")[0m
  ↳ db/migrate/20180506223435_create_collections.rb:3
  [1m[35m (0.0ms)[0m  [1m[35mCREATE  INDEX "index_collections_on_user_id" ON "collections" ("user_id")[0m
  ↳ db/migrate/20180506223435_create_collections.rb:3
  [1m[36mActiveRecord::SchemaMigration Create (0.0ms)[0m  [1m[32mINSERT INTO "schema_migrations" ("version") VALUES (?)[0m  [["version", "20180506223435"]]
  ↳ C:/Ruby24-x64/bin/rake:23
  [1m[35m (129.4ms)[0m  [1m[36mcommit transaction[0m
  ↳ C:/Ruby24-x64/bin/rake:23
  [1m[36mActiveRecord::InternalMetadata Load (1.0ms)[0m  [1m[34mSELECT  "ar_internal_metadata".* FROM "ar_internal_metadata" WHERE "ar_internal_metadata"."key" = ? LIMIT ?[0m  [["key", "environment"], ["LIMIT", 1]]
  ↳ C:/Ruby24-x64/bin/rake:23
  [1m[35m (0.5ms)[0m  [1m[36mbegin transaction[0m
  ↳ C:/Ruby24-x64/bin/rake:23
  [1m[36mActiveRecord::InternalMetadata Create (2.5ms)[0m  [1m[32mINSERT INTO "ar_internal_metadata" ("key", "value", "created_at", "updated_at") VALUES (?, ?, ?, ?)[0m  [["key", "environment"], ["value", "development"], ["created_at", "2018-05-06 22:50:18.737245"], ["updated_at", "2018-05-06 22:50:18.737245"]]
  ↳ C:/Ruby24-x64/bin/rake:23
  [1m[35m (84.8ms)[0m  [1m[36mcommit transaction[0m
  ↳ C:/Ruby24-x64/bin/rake:23
  [1m[35m (0.5ms)[0m  [1m[34mSELECT "schema_migrations"."version" FROM "schema_migrations" ORDER BY "schema_migrations"."version" ASC[0m
  ↳ C:/Ruby24-x64/bin/rake:23
Started GET "/" for 127.0.0.1 at 2018-05-07 01:30:43 +0200
  [1m[35m (0.5ms)[0m  [1m[34mSELECT "schema_migrations"."version" FROM "schema_migrations" ORDER BY "schema_migrations"."version" ASC[0m
  ↳ C:/Ruby24-x64/lib/ruby/gems/2.4.0/gems/activerecord-5.2.0/lib/active_record/log_subscriber.rb:98
Processing by NotesController#index as HTML
  Rendering notes/index.html.erb within layouts/application
  [1m[36mNote Load (0.5ms)[0m  [1m[34mSELECT "notes".* FROM "notes"[0m
  ↳ app/views/notes/index.html.erb:12
  Rendered notes/index.html.erb within layouts/application (19.4ms)
Completed 500 Internal Server Error in 1058ms (ActiveRecord: 1.0ms)


  
ActionView::Template::Error (invalid regexp character):
    2: <html>
    3: <head>
    4:  <title>Notes</title>
    5:  <%= stylesheet_link_tag 'application', media: 'all', 'data-turbolinks-track' => true %>
    6:  <%= javascript_include_tag 'application', 'data-turbolinks-track' => true %>
    7:  <%= csrf_meta_tags %>
    8: </head>
  
(execjs):24299
app/views/layouts/application.html.erb:5:in `_app_views_layouts_application_html_erb__1028705938_100388140'
Started GET "/" for 127.0.0.1 at 2018-05-07 01:30:45 +0200
Processing by NotesController#index as HTML
  Rendering notes/index.html.erb within layouts/application
  [1m[36mNote Load (1.0ms)[0m  [1m[34mSELECT "notes".* FROM "notes"[0m
  ↳ app/views/notes/index.html.erb:12
  Rendered notes/index.html.erb within layouts/application (7.0ms)
Completed 500 Internal Server Error in 421ms (ActiveRecord: 1.0ms)


  
ActionView::Template::Error (invalid regexp character):
    2: <html>
    3: <head>
    4:  <title>Notes</title>
    5:  <%= stylesheet_link_tag 'application', media: 'all', 'data-turbolinks-track' => true %>
    6:  <%= javascript_include_tag 'application', 'data-turbolinks-track' => true %>
    7:  <%= csrf_meta_tags %>
    8: </head>
  
(execjs):24299
app/views/layouts/application.html.erb:5:in `_app_views_layouts_application_html_erb__1028705938_112068740'
Started POST "/__web_console/repl_sessions/04e1ad435202575ac09212a1330111e3/trace" for 127.0.0.1 at 2018-05-07 01:35:08 +0200
Started GET "/" for 127.0.0.1 at 2018-05-07 01:35:56 +0200
Processing by NotesController#index as HTML
  Rendering notes/index.html.erb within layouts/application
  [1m[36mNote Load (0.5ms)[0m  [1m[34mSELECT "notes".* FROM "notes"[0m
  ↳ app/views/notes/index.html.erb:12
  Rendered notes/index.html.erb within layouts/application (5.0ms)
Completed 500 Internal Server Error in 349ms (ActiveRecord: 0.5ms)


  
ActionView::Template::Error (invalid regexp character):
    2: <html>
    3: <head>
    4:  <title>Notes</title>
    5:  <%= stylesheet_link_tag 'application', media: 'all', 'data-turbolinks-track' => true %>
    6:  <%= javascript_include_tag 'application', 'data-turbolinks-track' => true %>
    7:  <%= csrf_meta_tags %>
    8: </head>
  
(execjs):24299
app/views/layouts/application.html.erb:5:in `_app_views_layouts_application_html_erb__1028705938_132538820'
Started GET "/new" for 127.0.0.1 at 2018-05-07 01:36:00 +0200
  
ActionController::RoutingError (No route matches [GET] "/new"):
  
actionpack (5.2.0) lib/action_dispatch/middleware/debug_exceptions.rb:65:in `call'
web-console (3.6.2) lib/web_console/middleware.rb:135:in `call_app'
web-console (3.6.2) lib/web_console/middleware.rb:30:in `block in call'
web-console (3.6.2) lib/web_console/middleware.rb:20:in `catch'
web-console (3.6.2) lib/web_console/middleware.rb:20:in `call'
actionpack (5.2.0) lib/action_dispatch/middleware/show_exceptions.rb:33:in `call'
railties (5.2.0) lib/rails/rack/logger.rb:38:in `call_app'
railties (5.2.0) lib/rails/rack/logger.rb:26:in `block in call'
activesupport (5.2.0) lib/active_support/tagged_logging.rb:71:in `block in tagged'
activesupport (5.2.0) lib/active_support/tagged_logging.rb:28:in `tagged'
activesupport (5.2.0) lib/active_support/tagged_logging.rb:71:in `tagged'
railties (5.2.0) lib/rails/rack/logger.rb:26:in `call'
sprockets-rails (3.2.1) lib/sprockets/rails/quiet_assets.rb:13:in `call'
actionpack (5.2.0) lib/action_dispatch/middleware/remote_ip.rb:81:in `call'
actionpack (5.2.0) lib/action_dispatch/middleware/request_id.rb:27:in `call'
rack (2.0.5) lib/rack/method_override.rb:22:in `call'
rack (2.0.5) lib/rack/runtime.rb:22:in `call'
activesupport (5.2.0) lib/active_support/cache/strategy/local_cache_middleware.rb:29:in `call'
actionpack (5.2.0) lib/action_dispatch/middleware/executor.rb:14:in `call'
actionpack (5.2.0) lib/action_dispatch/middleware/static.rb:127:in `call'
rack (2.0.5) lib/rack/sendfile.rb:111:in `call'
railties (5.2.0) lib/rails/engine.rb:524:in `call'
puma (3.11.4) lib/puma/configuration.rb:225:in `call'
puma (3.11.4) lib/puma/server.rb:632:in `handle_request'
puma (3.11.4) lib/puma/server.rb:446:in `process_client'
puma (3.11.4) lib/puma/server.rb:306:in `block in run'
puma (3.11.4) lib/puma/thread_pool.rb:120:in `block in spawn_thread'
Started GET "/notes" for 127.0.0.1 at 2018-05-07 01:36:05 +0200
Processing by NotesController#index as HTML
  Rendering notes/index.html.erb within layouts/application
  [1m[36mNote Load (0.5ms)[0m  [1m[34mSELECT "notes".* FROM "notes"[0m
  ↳ app/views/notes/index.html.erb:12
  Rendered notes/index.html.erb within layouts/application (294.8ms)
Completed 500 Internal Server Error in 990ms (ActiveRecord: 0.5ms)


  
ActionView::Template::Error (invalid regexp character):
    2: <html>
    3: <head>
    4:  <title>Notes</title>
    5:  <%= stylesheet_link_tag 'application', media: 'all', 'data-turbolinks-track' => true %>
    6:  <%= javascript_include_tag 'application', 'data-turbolinks-track' => true %>
    7:  <%= csrf_meta_tags %>
    8: </head>
  
(execjs):24299
app/views/layouts/application.html.erb:5:in `_app_views_layouts_application_html_erb__1028705938_132623940'
Started POST "/__web_console/repl_sessions/495d0b569507e7d3fb5a050605d180da/trace" for 127.0.0.1 at 2018-05-07 01:52:55 +0200
Started GET "/notes" for 127.0.0.1 at 2018-05-07 01:53:11 +0200
Processing by NotesController#index as HTML
  Rendering notes/index.html.erb within layouts/application
  [1m[36mNote Load (1.0ms)[0m  [1m[34mSELECT "notes".* FROM "notes"[0m
  ↳ app/views/notes/index.html.erb:12
  Rendered notes/index.html.erb within layouts/application (4.0ms)
Completed 500 Internal Server Error in 352ms (ActiveRecord: 1.0ms)


  
ActionView::Template::Error (invalid regexp character):
    2: <html>
    3: <head>
    4:  <title>Notes</title>
    5:  <%= stylesheet_link_tag 'application', media: 'all', 'data-turbolinks-track' => true %>
    6:  <%= javascript_include_tag 'application', 'data-turbolinks-track' => true %>
    7:  <%= csrf_meta_tags %>
    8: </head>
  
(execjs):24299
app/views/layouts/application.html.erb:5:in `_app_views_layouts_application_html_erb__1028705938_136221060'
Started GET "/" for 127.0.0.1 at 2018-05-07 01:53:17 +0200
Processing by NotesController#index as HTML
  Rendering notes/index.html.erb within layouts/application
  [1m[36mNote Load (0.5ms)[0m  [1m[34mSELECT "notes".* FROM "notes"[0m
  ↳ app/views/notes/index.html.erb:12
  Rendered notes/index.html.erb within layouts/application (4.5ms)
Completed 500 Internal Server Error in 390ms (ActiveRecord: 0.5ms)


  
ActionView::Template::Error (invalid regexp character):
    2: <html>
    3: <head>
    4:  <title>Notes</title>
    5:  <%= stylesheet_link_tag 'application', media: 'all', 'data-turbolinks-track' => true %>
    6:  <%= javascript_include_tag 'application', 'data-turbolinks-track' => true %>
    7:  <%= csrf_meta_tags %>
    8: </head>
  
(execjs):24299
app/views/layouts/application.html.erb:5:in `_app_views_layouts_application_html_erb__1028705938_95911160'
Started GET "/" for 127.0.0.1 at 2018-05-07 01:53:21 +0200
Processing by NotesController#index as HTML
  Rendering notes/index.html.erb within layouts/application
  [1m[36mNote Load (1.0ms)[0m  [1m[34mSELECT "notes".* FROM "notes"[0m
  ↳ app/views/notes/index.html.erb:12
  Rendered notes/index.html.erb within layouts/application (3.5ms)
Completed 500 Internal Server Error in 369ms (ActiveRecord: 1.0ms)


  
ActionView::Template::Error (invalid regexp character):
    2: <html>
    3: <head>
    4:  <title>Notes</title>
    5:  <%= stylesheet_link_tag 'application', media: 'all', 'data-turbolinks-track' => true %>
    6:  <%= javascript_include_tag 'application', 'data-turbolinks-track' => true %>
    7:  <%= csrf_meta_tags %>
    8: </head>
  
(execjs):24299
app/views/layouts/application.html.erb:5:in `_app_views_layouts_application_html_erb__1028705938_116960300'
